{"message":"asd","level":"info","service":"user-service"}
{"message":
{
"members":{},
"channels":{},
"roles":{},
"presences":{},
"deleted":false,
"available":true,
"id":"343771301405786113",
"name":"cremes filthy bot testing area",
"icon":"6bd45c985f70335865aa3e9bbd05d99d",
"splash":null,
"region":"eu-central",
"memberCount":13,
"large":false,
"features":[],
"applicationID":null,
"afkTimeout":300,
"afkChannelID":null,
"systemChannelID":null,
"verificationLevel":0,
"explicitContentFilter":0,
"mfaLevel":0,
"joinedTimestamp":1552032406370,
"defaultMessageNotifications":"ALL",
"ownerID":"149232186929709057",
"_rawVoiceStates":{},
"emojis":{}
}
,"level":"info","service":"user-service"}
{"code":"ER_PARSE_ERROR","errno":1064,"sqlMessage":"You have an error in your SQL syntax; check the manual that corresponds to your MySQL server version for the right syntax to use near '' at line 19","sqlState":"42000","index":0,"sql":"\n        UPDATE jabstats s1 JOIN jabstats s2 JOIN jabstats s3 JOIN jabstats s4 JOIN jabstats s5 JOIN jabstats s6 JOIN jabstats s7 JOIN jabstats s8 JOIN jabstats s9\n        ON s1.statName = 'serverId'\n        AND s2.statName = 'name'\n        AND s3.statName = 'memberCount'\n        AND s4.statName = 'available'\n        AND s5.statName = 'icon'\n        AND s6.statName = 'region'\n        AND s7.statName = 'large'\n        AND s8.statName = 'afkTimeout'\n        AND s9.statName = 'ownerID'\n\n        SET s1.statValue = '343771301405786113',\n            s2.statValue = 'cremes filthy bot testing area',\n            s3.statValue = '12',\n            s4.statValue = 'true',\n            s5.statValue = '6bd45c985f70335865aa3e9bbd05d99d',\n            s6.statValue = 'eu-central',\n            s7.statValue = 'false',\n            s8.statValue = '300',\n            s9.statValue = '149232186929709057',\n      ","level":"error","service":"user-service"}
{"code":"ER_BAD_FIELD_ERROR","errno":1054,"sqlMessage":"Unknown column 'undefined' in 'field list'","sqlState":"42S22","index":0,"sql":"\n          INSERT INTO jabchannels (channelID, name, position, type, topic, nsfw, lastMessageID)\n          VALUES (343771301405786115, 'General', 0, 'voice', 'undefined', undefined, 'undefined')","level":"error","service":"user-service"}
{"code":"ER_BAD_FIELD_ERROR","errno":1054,"sqlMessage":"Unknown column 'undefined' in 'field list'","sqlState":"42S22","index":0,"sql":"\n          INSERT INTO jabchannels (channelID, name, position, type, topic, nsfw, lastMessageID)\n          VALUES (551460177115873300, 'test', 1, 'voice', 'undefined', undefined, 'undefined')","level":"error","service":"user-service"}
{"code":"ER_BAD_FIELD_ERROR","errno":1054,"sqlMessage":"Unknown column 'undefined' in 'field list'","sqlState":"42S22","index":0,"sql":"\n          INSERT INTO jabchannels (channelID, name, position, type, topic, nsfw, lastMessageID)\n          VALUES (343771301405786115, 'General', 0, 'voice', 'undefined', undefined, 'undefined')","level":"error","service":"user-service"}
{"code":"ER_BAD_FIELD_ERROR","errno":1054,"sqlMessage":"Unknown column 'undefined' in 'field list'","sqlState":"42S22","index":0,"sql":"\n          INSERT INTO jabchannels (channelID, name, position, type, topic, nsfw, lastMessageID)\n          VALUES (551460177115873300, 'test', 1, 'voice', 'undefined', undefined, 'undefined')","level":"error","service":"user-service"}
{"code":"ER_BAD_FIELD_ERROR","errno":1054,"sqlMessage":"Unknown column 'undefined' in 'field list'","sqlState":"42S22","index":0,"sql":"\n          INSERT INTO jabchannels (channelID, name, position, type, topic, nsfw, lastMessageID)\n          VALUES (343771301405786115, 'General', 0, 'voice', 'undefined', undefined, 'undefined')","level":"error","service":"user-service"}
{"code":"ER_BAD_FIELD_ERROR","errno":1054,"sqlMessage":"Unknown column 'undefined' in 'field list'","sqlState":"42S22","index":0,"sql":"\n          INSERT INTO jabchannels (channelID, name, position, type, topic, nsfw, lastMessageID)\n          VALUES (551460177115873300, 'test', 1, 'voice', 'undefined', undefined, 'undefined')","level":"error","service":"user-service"}
{"code":"ER_BAD_FIELD_ERROR","errno":1054,"sqlMessage":"Unknown column 'undefined' in 'field list'","sqlState":"42S22","index":0,"sql":"\n          INSERT INTO jabchannels (channelID, name, position, type, topic, nsfw, lastMessageID)\n          VALUES (551460177115873300, 'test', 1, 'voice', 'undefined', undefined, 'undefined')","level":"error","service":"user-service"}
{"code":"ER_BAD_FIELD_ERROR","errno":1054,"sqlMessage":"Unknown column 'undefined' in 'field list'","sqlState":"42S22","index":0,"sql":"\n          INSERT INTO jabchannels (channelID, name, position, type, topic, nsfw, lastMessageID)\n          VALUES (343771301405786115, 'General', 0, 'voice', 'undefined', undefined, 'undefined')","level":"error","service":"user-service"}
{"code":"ER_BAD_FIELD_ERROR","errno":1054,"sqlMessage":"Unknown column 'undefined' in 'field list'","sqlState":"42S22","index":0,"sql":"\n          INSERT INTO jabchannels (channelID, name, position, type, topic, nsfw, lastMessageID)\n          VALUES (551460177115873300, 'test', 1, 'voice', '', undefined, 'undefined')","level":"error","service":"user-service"}
{"code":"ER_BAD_FIELD_ERROR","errno":1054,"sqlMessage":"Unknown column 'undefined' in 'field list'","sqlState":"42S22","index":0,"sql":"\n          INSERT INTO jabchannels (channelID, name, position, type, topic, nsfw, lastMessageID)\n          VALUES (343771301405786115, 'General', 0, 'voice', '', undefined, 'undefined')","level":"error","service":"user-service"}
{"level":"error","service":"user-service"}
{"code":"ER_NO_SUCH_TABLE","errno":1146,"sqlMessage":"Table 'drawmania.jabmessageCount' doesn't exist","sqlState":"42S02","index":0,"sql":"SELECT * FROM jabmessageCount","level":"error","service":"user-service"}
{"level":"error","service":"user-service"}
{"code":"ER_PARSE_ERROR","errno":1064,"sqlMessage":"You have an error in your SQL syntax; check the manual that corresponds to your MySQL server version for the right syntax to use near '.2019' at line 1","sqlState":"42000","index":0,"sql":"SELECT * FROM jabmessageCount WHERE date = 8.2.2019","level":"error","service":"user-service"}
{"code":"ER_PARSE_ERROR","errno":1064,"sqlMessage":"You have an error in your SQL syntax; check the manual that corresponds to your MySQL server version for the right syntax to use near '.2019, 1, 1552040579695)' at line 2","sqlState":"42000","index":0,"sql":"\n        INSERT INTO jabmessageCount (date, messageCount, updated)\n        VALUES (8.2.2019, 1, 1552040579695)","level":"error","service":"user-service"}
{"code":"ER_PARSE_ERROR","errno":1064,"sqlMessage":"You have an error in your SQL syntax; check the manual that corresponds to your MySQL server version for the right syntax to use near '.2019' at line 3","sqlState":"42000","index":0,"sql":"\n        UPDATE jabchannels SET\n          messageCount = 'NaN',\n          updated = 1552040649707\n        WHERE date = 8.2.2019\n      ","level":"error","service":"user-service"}
{"code":"ER_PARSE_ERROR","errno":1064,"sqlMessage":"You have an error in your SQL syntax; check the manual that corresponds to your MySQL server version for the right syntax to use near '.2019' at line 3","sqlState":"42000","index":0,"sql":"\n        UPDATE jabchannels SET\n          messageCount = 'NaN',\n          updated = 1552040695508\n        WHERE date = 8.2.2019\n      ","level":"error","service":"user-service"}
{"code":"ER_PARSE_ERROR","errno":1064,"sqlMessage":"You have an error in your SQL syntax; check the manual that corresponds to your MySQL server version for the right syntax to use near '.2019' at line 3","sqlState":"42000","index":0,"sql":"\n        UPDATE jabchannels SET\n          messageCount = 'NaN',\n          updated = 1552040724490\n        WHERE date = 8.2.2019\n      ","level":"error","service":"user-service"}
{"code":"ER_PARSE_ERROR","errno":1064,"sqlMessage":"You have an error in your SQL syntax; check the manual that corresponds to your MySQL server version for the right syntax to use near '.2019' at line 3","sqlState":"42000","index":0,"sql":"\n        UPDATE jabchannels SET\n          messageCount = 'NaN',\n          updated = 1552040767687\n        WHERE date = 8.2.2019\n      ","level":"error","service":"user-service"}
{"code":"ER_PARSE_ERROR","errno":1064,"sqlMessage":"You have an error in your SQL syntax; check the manual that corresponds to your MySQL server version for the right syntax to use near '.2019' at line 3","sqlState":"42000","index":0,"sql":"\n        UPDATE jabchannels SET\n          messageCount = '2',\n          updated = 1552040796069\n        WHERE date = 8.2.2019\n      ","level":"error","service":"user-service"}
{"code":"ER_BAD_FIELD_ERROR","errno":1054,"sqlMessage":"Unknown column 'date' in 'where clause'","sqlState":"42S22","index":0,"sql":"\n        UPDATE jabchannels SET\n          messageCount = 2,\n          updated = 1552040838773\n        WHERE date = '8.2.2019'\n      ","level":"error","service":"user-service"}
{"code":"ER_BAD_FIELD_ERROR","errno":1054,"sqlMessage":"Unknown column 'messageCount' in 'field list'","sqlState":"42S22","index":0,"sql":"\n        UPDATE jabchannels SET\n          messageCount = 2,\n          updated = 1552040969198\n        WHERE id = 1\n      ","level":"error","service":"user-service"}
{"code":"ER_PARSE_ERROR","errno":1064,"sqlMessage":"You have an error in your SQL syntax; check the manual that corresponds to your MySQL server version for the right syntax to use near '.2019' at line 3","sqlState":"42000","index":0,"sql":"\n        UPDATE jabchannels SET\n          messageCount = 2,\n          updated = 1552041055721\n        WHERE date = 8.2.2019\n      ","level":"error","service":"user-service"}
{"code":"ER_BAD_FIELD_ERROR","errno":1054,"sqlMessage":"Unknown column 'date' in 'where clause'","sqlState":"42S22","index":0,"sql":"\n        UPDATE jabchannels SET\n          messageCount = 2,\n          updated = 1552041080454\n        WHERE date = '8.2.2019'\n      ","level":"error","service":"user-service"}
{"code":"ER_BAD_FIELD_ERROR","errno":1054,"sqlMessage":"Unknown column 'date' in 'where clause'","sqlState":"42S22","index":0,"sql":"\n        UPDATE jabchannels SET\n          messageCount = 2,\n          updated = 1552041399227\n        WHERE date = '8.2.2019'\n      ","level":"error","service":"user-service"}
{"code":"ER_PARSE_ERROR","errno":1064,"sqlMessage":"You have an error in your SQL syntax; check the manual that corresponds to your MySQL server version for the right syntax to use near '10:38:33\n        WHERE date = '8.2.2019'' at line 2","sqlState":"42000","index":0,"sql":"\n        UPDATE jabchannels SET\n          messageCount = 2,\n          updated = 2019-03-08 10:38:33\n        WHERE date = '8.2.2019'\n      ","level":"error","service":"user-service"}
{"code":"ER_PARSE_ERROR","errno":1064,"sqlMessage":"You have an error in your SQL syntax; check the manual that corresponds to your MySQL server version for the right syntax to use near '10:38:46)' at line 2","sqlState":"42000","index":0,"sql":"\n        INSERT INTO jabmessageCount (date, messageCount, updated)\n        VALUES ('8.2.2019', 1, 2019-03-08 10:38:46)","level":"error","service":"user-service"}
{"code":"ER_BAD_FIELD_ERROR","errno":1054,"sqlMessage":"Unknown column 'date' in 'where clause'","sqlState":"42S22","index":0,"sql":"\n        UPDATE jabchannels SET\n          messageCount = 2,\n          updated = '2019-03-08 10:39:21'\n        WHERE date = '8.2.2019'\n      ","level":"error","service":"user-service"}
{"code":"ER_BAD_FIELD_ERROR","errno":1054,"sqlMessage":"Unknown column 'messageCount' in 'field list'","sqlState":"42S22","index":0,"sql":"\n        UPDATE jabchannels SET\n          messageCount = 2,\n          updated = '2019-03-08 10:49:35'\n        WHERE 'date' = '8.2.2019'\n      ","level":"error","service":"user-service"}
{"code":"ER_PARSE_ERROR","errno":1064,"sqlMessage":"You have an error in your SQL syntax; check the manual that corresponds to your MySQL server version for the right syntax to use near ''messageCount' = 2,\n          updated = '2019-03-08 10:50:06'\n        WHERE 'dat' at line 1","sqlState":"42000","index":0,"sql":"\n        UPDATE jabchannels SET\n          'messageCount' = 2,\n          updated = '2019-03-08 10:50:06'\n        WHERE 'date' = '8.2.2019'\n      ","level":"error","service":"user-service"}
{"code":"ER_BAD_FIELD_ERROR","errno":1054,"sqlMessage":"Unknown column 'messageCount' in 'field list'","sqlState":"42S22","index":0,"sql":"\n        UPDATE jabchannels SET\n          messageCount = 2,\n          updated = '2019-03-08 10:50:37'\n        WHERE 'date' = '8.2.2019'\n      ","level":"error","service":"user-service"}
{"code":"ER_BAD_FIELD_ERROR","errno":1054,"sqlMessage":"Unknown column 'messageCount' in 'field list'","sqlState":"42S22","index":0,"sql":"\n        UPDATE jabchannels SET messageCount = 2, updated = '2019-03-08 10:52:18' WHERE 'date' = '8.2.2019'\n      ","level":"error","service":"user-service"}
{"code":"ER_BAD_FIELD_ERROR","errno":1054,"sqlMessage":"Unknown column 'messageCount' in 'field list'","sqlState":"42S22","index":0,"sql":"UPDATE jabchannels SET messageCount = 2, updated = '2019-03-08 11:01:11' WHERE 'date' = '8.2.2019'","level":"error","service":"user-service"}
{"code":"ER_BAD_FIELD_ERROR","errno":1054,"sqlMessage":"Unknown column 'messageCount' in 'field list'","sqlState":"42S22","index":0,"sql":"UPDATE jabchannels SET messageCount = 2, updated = \"2019-03-08 11:02:26\" WHERE \"date\" = \"8.2.2019\"","level":"error","service":"user-service"}
{"code":"ER_BAD_FIELD_ERROR","errno":1054,"sqlMessage":"Unknown column 'jabchannels.messageCount' in 'field list'","sqlState":"42S22","index":0,"sql":"UPDATE jabchannels SET jabchannels.messageCount = 2, updated = \"2019-03-08 11:03:02\" WHERE \"date\" = \"8.2.2019\"","level":"error","service":"user-service"}
{"code":"ER_BAD_FIELD_ERROR","errno":1054,"sqlMessage":"Unknown column 'messageCount' in 'field list'","sqlState":"42S22","index":0,"sql":"UPDATE jabchannels SET messageCount = 2, updated = \"2019-03-08 11:03:36\" WHERE \"date\" = \"8.2.2019\"","level":"error","service":"user-service"}
{"code":"ER_BAD_FIELD_ERROR","errno":1054,"sqlMessage":"Unknown column 'messageCount' in 'field list'","sqlState":"42S22","index":0,"sql":"UPDATE jabchannels SET messageCount = \"2\", updated = \"2019-03-08 11:03:52\" WHERE \"date\" = \"8.2.2019\"","level":"error","service":"user-service"}
{"code":"ER_BAD_FIELD_ERROR","errno":1054,"sqlMessage":"Unknown column 'messageCount' in 'field list'","sqlState":"42S22","index":0,"sql":"UPDATE jabchannels SET messageCount = 2, updated = '2019-03-08 11:04:26' WHERE 'date' = '8.2.2019'","level":"error","service":"user-service"}
{"code":"ER_BAD_FIELD_ERROR","errno":1054,"sqlMessage":"Unknown column 'messageCount' in 'field list'","sqlState":"42S22","index":0,"sql":"UPDATE jabchannels SET messageCount = 2, updated = '2019-03-08 11:04:40' WHERE 'date' = '8.2.2019'","level":"error","service":"user-service"}
{"code":"ER_PARSE_ERROR","errno":1064,"sqlMessage":"You have an error in your SQL syntax; check the manual that corresponds to your MySQL server version for the right syntax to use near '\"messageCount\" = 2, updated = '2019-03-08 11:05:15' WHERE 'date' = '8.2.2019'' at line 1","sqlState":"42000","index":0,"sql":"UPDATE jabchannels SET \"messageCount\" = 2, updated = '2019-03-08 11:05:15' WHERE 'date' = '8.2.2019'","level":"error","service":"user-service"}
{"code":"ER_BAD_FIELD_ERROR","errno":1054,"sqlMessage":"Unknown column 'messageCount' in 'field list'","sqlState":"42S22","index":0,"sql":"UPDATE jabchannels SET messageCount = 2, updated = '2019-03-08 11:05:59' WHERE 'date' = '8.2.2019'","level":"error","service":"user-service"}
{"code":"ER_BAD_FIELD_ERROR","errno":1054,"sqlMessage":"Unknown column 'messageCount' in 'field list'","sqlState":"42S22","index":0,"sql":"UPDATE jabchannels SET messageCount = \"2\", updated = '2019-03-08 11:07:10' WHERE 'date' = '8.2.2019'","level":"error","service":"user-service"}
{"code":"ER_BAD_FIELD_ERROR","errno":1054,"sqlMessage":"Unknown column 'messageCount' in 'field list'","sqlState":"42S22","index":0,"sql":"UPDATE jabchannels SET messageCount = '2', updated = '2019-03-08 11:07:36' WHERE 'date' = '8.2.2019'","level":"error","service":"user-service"}
{"code":"ER_BAD_FIELD_ERROR","errno":1054,"sqlMessage":"Unknown column 'messageCount' in 'field list'","sqlState":"42S22","index":0,"sql":"UPDATE jabchannels SET messageCount = 2, updated = '2019-03-08 11:13:18' WHERE 'date' = '8.2.2019'","level":"error","service":"user-service"}
{"code":"ER_BAD_FIELD_ERROR","errno":1054,"sqlMessage":"Unknown column 'mc' in 'field list'","sqlState":"42S22","index":0,"sql":"UPDATE jabchannels SET mc = 2, updated = '2019-03-08 11:14:43' WHERE 'date' = '8.2.2019'","level":"error","service":"user-service"}
{"code":"ER_BAD_FIELD_ERROR","errno":1054,"sqlMessage":"Unknown column 'mc' in 'field list'","sqlState":"42S22","index":0,"sql":"UPDATE jabchannels SET mc = 2, updated = '2019-03-08 11:15:13' WHERE id = 1","level":"error","service":"user-service"}
{"code":"ER_BAD_FIELD_ERROR","errno":1054,"sqlMessage":"Unknown column 'messageCount' in 'field list'","sqlState":"42S22","index":0,"sql":"UPDATE jabchannels SET messageCount = 2, updated = '2019-03-08 11:15:51' WHERE 'date' = '8.2.2019'","level":"error","service":"user-service"}
{"code":"ER_BAD_FIELD_ERROR","errno":1054,"sqlMessage":"Unknown column 'updated' in 'field list'","sqlState":"42S22","index":0,"sql":"UPDATE jabchannels SET updated = '2019-03-08 11:18:16' WHERE 'date' = '8.2.2019'","level":"error","service":"user-service"}
{"code":"ER_BAD_FIELD_ERROR","errno":1054,"sqlMessage":"Unknown column 'updated' in 'field list'","sqlState":"42S22","index":0,"sql":"UPDATE jabchannels SET updated = '2019-03-08 11:18:36' WHERE id = 1","level":"error","service":"user-service"}
{"code":"ER_BAD_FIELD_ERROR","errno":1054,"sqlMessage":"Unknown column 'updated' in 'field list'","sqlState":"42S22","index":0,"sql":"UPDATE jabchannels SET updated = '2019-03-08 11:18:48' WHERE id = '1'","level":"error","service":"user-service"}
{"code":"ER_BAD_FIELD_ERROR","errno":1054,"sqlMessage":"Unknown column 'updated' in 'field list'","sqlState":"42S22","index":0,"sql":"UPDATE jabchannels SET updated = '2019-03-08 11:19:04' WHERE 'id' = '1'","level":"error","service":"user-service"}
{"code":"ER_BAD_FIELD_ERROR","errno":1054,"sqlMessage":"Unknown column 'messageCount' in 'field list'","sqlState":"42S22","index":0,"sql":"UPDATE jabchannels SET messageCount = 2, updated = '2019-03-08 11:26:58' WHERE 'date' = '8.2.2019'","level":"error","service":"user-service"}
{"level":"error","service":"user-service"}
{"level":"error","service":"user-service"}
{"level":"error","service":"user-service"}
{"level":"error","service":"user-service"}
